<?xml version="1.0" encoding="UTF-8"?>
<!-- Generated by org.testng.reporters.JUnitReportReporter -->
<testsuite skipped="0" hostname="QIDPUN-LAP011" name="sampl.HalfEbay" tests="3" failures="0" timestamp="16 Jan 2019 11:51:27 GMT" time="32.491" errors="0">
  <testcase name="Login" time="10.377" classname="sampl.HalfEbay"/>
  <testcase name="Login" time="12.128" classname="sampl.HalfEbay"/>
  <testcase name="Login" time="9.986" classname="sampl.HalfEbay"/>
</testsuite> <!-- sampl.HalfEbay -->
